D:\DOCUMENTS\VISUAL STUDIO 2010\PROJECTS\INFIX-TO-POSTFIX\DEBUG\INFIX-TO-POSTFIX.EXE
D:\DOCUMENTS\VISUAL STUDIO 2010\PROJECTS\INFIX-TO-POSTFIX\DEBUG\INFIX-TO-POSTFIX.ILK
D:\DOCUMENTS\VISUAL STUDIO 2010\PROJECTS\INFIX-TO-POSTFIX\DEBUG\INFIX-TO-POSTFIX.PDB
d:\Documents\Visual Studio 2010\Projects\Infix-to-Postfix\Infix-to-Postfix\Debug\cl.command.1.tlog
d:\Documents\Visual Studio 2010\Projects\Infix-to-Postfix\Infix-to-Postfix\Debug\CL.read.1.tlog
d:\Documents\Visual Studio 2010\Projects\Infix-to-Postfix\Infix-to-Postfix\Debug\CL.write.1.tlog
D:\DOCUMENTS\VISUAL STUDIO 2010\PROJECTS\INFIX-TO-POSTFIX\INFIX-TO-POSTFIX\DEBUG\CURRENCY.OBJ
D:\DOCUMENTS\VISUAL STUDIO 2010\PROJECTS\INFIX-TO-POSTFIX\INFIX-TO-POSTFIX\DEBUG\INFIX-TO-POSTFIX.EXE.INTERMEDIATE.MANIFEST
d:\Documents\Visual Studio 2010\Projects\Infix-to-Postfix\Infix-to-Postfix\Debug\Infix-to-Postfix.write.1.tlog
d:\Documents\Visual Studio 2010\Projects\Infix-to-Postfix\Infix-to-Postfix\Debug\link.command.1.tlog
d:\Documents\Visual Studio 2010\Projects\Infix-to-Postfix\Infix-to-Postfix\Debug\link.read.1.tlog
d:\Documents\Visual Studio 2010\Projects\Infix-to-Postfix\Infix-to-Postfix\Debug\link.write.1.tlog
D:\DOCUMENTS\VISUAL STUDIO 2010\PROJECTS\INFIX-TO-POSTFIX\INFIX-TO-POSTFIX\DEBUG\LINKEDLIST.OBJ
D:\DOCUMENTS\VISUAL STUDIO 2010\PROJECTS\INFIX-TO-POSTFIX\INFIX-TO-POSTFIX\DEBUG\MAIN.OBJ
d:\Documents\Visual Studio 2010\Projects\Infix-to-Postfix\Infix-to-Postfix\Debug\mt.command.1.tlog
d:\Documents\Visual Studio 2010\Projects\Infix-to-Postfix\Infix-to-Postfix\Debug\mt.read.1.tlog
d:\Documents\Visual Studio 2010\Projects\Infix-to-Postfix\Infix-to-Postfix\Debug\mt.write.1.tlog
D:\DOCUMENTS\VISUAL STUDIO 2010\PROJECTS\INFIX-TO-POSTFIX\INFIX-TO-POSTFIX\DEBUG\NODE.OBJ
D:\DOCUMENTS\VISUAL STUDIO 2010\PROJECTS\INFIX-TO-POSTFIX\INFIX-TO-POSTFIX\DEBUG\STACK.OBJ
d:\Documents\Visual Studio 2010\Projects\Infix-to-Postfix\Infix-to-Postfix\Debug\vc100.idb
D:\DOCUMENTS\VISUAL STUDIO 2010\PROJECTS\INFIX-TO-POSTFIX\INFIX-TO-POSTFIX\DEBUG\VC100.PDB
