D:\DOCUMENTS\VISUAL STUDIO 2010\PROJECTS\INFIX-TO-POSTFIX\INFIX-TO-POSTFIX\DEBUG\CURRENCY.OBJ
D:\DOCUMENTS\VISUAL STUDIO 2010\PROJECTS\INFIX-TO-POSTFIX\INFIX-TO-POSTFIX\DEBUG\LINKEDLIST.OBJ
D:\DOCUMENTS\VISUAL STUDIO 2010\PROJECTS\INFIX-TO-POSTFIX\INFIX-TO-POSTFIX\DEBUG\MAIN.OBJ
D:\DOCUMENTS\VISUAL STUDIO 2010\PROJECTS\INFIX-TO-POSTFIX\INFIX-TO-POSTFIX\DEBUG\NODE.OBJ
D:\DOCUMENTS\VISUAL STUDIO 2010\PROJECTS\INFIX-TO-POSTFIX\INFIX-TO-POSTFIX\DEBUG\STACK.OBJ
D:\DOCUMENTS\VISUAL STUDIO 2010\PROJECTS\INFIX-TO-POSTFIX\INFIX-TO-POSTFIX\DEBUG\VC100.PDB
C:\USERS\TAYLOR FARRON\DESKTOP\INFIX-TO-POSTFIX\INFIX-TO-POSTFIX\DEBUG\CURRENCY.OBJ
C:\USERS\TAYLOR FARRON\DESKTOP\INFIX-TO-POSTFIX\INFIX-TO-POSTFIX\DEBUG\LINKEDLIST.OBJ
C:\USERS\TAYLOR FARRON\DESKTOP\INFIX-TO-POSTFIX\INFIX-TO-POSTFIX\DEBUG\MAIN.OBJ
C:\USERS\TAYLOR FARRON\DESKTOP\INFIX-TO-POSTFIX\INFIX-TO-POSTFIX\DEBUG\NODE.OBJ
C:\USERS\TAYLOR FARRON\DESKTOP\INFIX-TO-POSTFIX\INFIX-TO-POSTFIX\DEBUG\STACK.OBJ
C:\USERS\TAYLOR FARRON\DESKTOP\INFIX-TO-POSTFIX\INFIX-TO-POSTFIX\DEBUG\VC100.PDB
C:\USERS\ZACHARY\DESKTOP\INFIX-TO-POSTFIX\DEBUG\LINKEDLIST.OBJ
C:\USERS\ZACHARY\DESKTOP\INFIX-TO-POSTFIX\DEBUG\MAIN.OBJ
C:\USERS\ZACHARY\DESKTOP\INFIX-TO-POSTFIX\DEBUG\NODE.OBJ
C:\USERS\ZACHARY\DESKTOP\INFIX-TO-POSTFIX\DEBUG\VC110.PDB
D:\DOCUMENTS\VISUAL STUDIO 2010\PROJECTS\INFIX-TO-POSTFIX\DEBUG\INFIX-TO-POSTFIX.ILK
D:\DOCUMENTS\VISUAL STUDIO 2010\PROJECTS\INFIX-TO-POSTFIX\DEBUG\INFIX-TO-POSTFIX.EXE
D:\DOCUMENTS\VISUAL STUDIO 2010\PROJECTS\INFIX-TO-POSTFIX\INFIX-TO-POSTFIX\DEBUG\INFIX-TO-POSTFIX.EXE.INTERMEDIATE.MANIFEST
D:\DOCUMENTS\VISUAL STUDIO 2010\PROJECTS\INFIX-TO-POSTFIX\DEBUG\INFIX-TO-POSTFIX.PDB
C:\USERS\TAYLOR FARRON\DESKTOP\INFIX-TO-POSTFIX\DEBUG\INFIX-TO-POSTFIX.ILK
C:\USERS\TAYLOR FARRON\DESKTOP\INFIX-TO-POSTFIX\DEBUG\INFIX-TO-POSTFIX.EXE
C:\USERS\TAYLOR FARRON\DESKTOP\INFIX-TO-POSTFIX\INFIX-TO-POSTFIX\DEBUG\INFIX-TO-POSTFIX.EXE.INTERMEDIATE.MANIFEST
C:\USERS\TAYLOR FARRON\DESKTOP\INFIX-TO-POSTFIX\DEBUG\INFIX-TO-POSTFIX.PDB
C:\Users\Zachary\Desktop\Infix-to-Postfix\Debug\Currency.obj
C:\Users\Zachary\Desktop\Infix-to-Postfix\Debug\LinkedList.obj
C:\Users\Zachary\Desktop\Infix-to-Postfix\Debug\Main.obj
C:\Users\Zachary\Desktop\Infix-to-Postfix\Debug\Node.obj
C:\Users\Zachary\Desktop\Infix-to-Postfix\Debug\cl.command.1.tlog
C:\Users\Zachary\Desktop\Infix-to-Postfix\Debug\CL.read.1.tlog
C:\Users\Zachary\Desktop\Infix-to-Postfix\Debug\CL.write.1.tlog
C:\Users\Zachary\Desktop\Infix-to-Postfix\Debug\Infix-to-Postfix.write.1.tlog
C:\Users\Zachary\Desktop\Infix-to-Postfix\Debug\link.command.1.tlog
C:\Users\Zachary\Desktop\Infix-to-Postfix\Debug\link.read.1.tlog
C:\Users\Zachary\Desktop\Infix-to-Postfix\Debug\link.write.1.tlog
C:\Users\Zachary\Desktop\Infix-to-Postfix\Debug\mt.command.1.tlog
C:\Users\Zachary\Desktop\Infix-to-Postfix\Debug\mt.read.1.tlog
C:\Users\Zachary\Desktop\Infix-to-Postfix\Debug\mt.write.1.tlog
C:\Users\Zachary\Desktop\Infix-to-Postfix\Debug\Infix-to-Postfix.exe.intermediate.manifest
C:\Users\Zachary\Desktop\Infix-to-Postfix\Debug\vc100.idb
C:\Users\Zachary\Desktop\Infix-to-Postfix\Debug\vc110.idb
C:\Users\Zachary\Desktop\Infix-to-Postfix\Debug\vc100.pdb
C:\Users\Zachary\Desktop\Infix-to-Postfix\Debug\vc110.pdb
