C:\USERS\HSILIN\DESKTOP\C++ FINAL PROJECT\PUMPKINPIE-MASTER (2)\PUMPKINPIE-MASTER\PUMPKINPIE-MASTER\INFIX-TO-POSTFIX\DEBUG\HASHMAP.OBJ
C:\USERS\HSILIN\DESKTOP\C++ FINAL PROJECT\PUMPKINPIE-MASTER (2)\PUMPKINPIE-MASTER\PUMPKINPIE-MASTER\INFIX-TO-POSTFIX\DEBUG\LINKEDLIST.OBJ
C:\USERS\HSILIN\DESKTOP\C++ FINAL PROJECT\PUMPKINPIE-MASTER (2)\PUMPKINPIE-MASTER\PUMPKINPIE-MASTER\INFIX-TO-POSTFIX\DEBUG\MAIN.OBJ
C:\USERS\HSILIN\DESKTOP\C++ FINAL PROJECT\PUMPKINPIE-MASTER (2)\PUMPKINPIE-MASTER\PUMPKINPIE-MASTER\INFIX-TO-POSTFIX\DEBUG\NODE.OBJ
C:\USERS\HSILIN\DESKTOP\C++ FINAL PROJECT\PUMPKINPIE-MASTER (2)\PUMPKINPIE-MASTER\PUMPKINPIE-MASTER\INFIX-TO-POSTFIX\DEBUG\USERS.OBJ
C:\USERS\HSILIN\DESKTOP\C++ FINAL PROJECT\PUMPKINPIE-MASTER (2)\PUMPKINPIE-MASTER\PUMPKINPIE-MASTER\INFIX-TO-POSTFIX\DEBUG\VC110.PDB
C:\Users\hsilin\Desktop\C++ Final Project\PumpkinPie-master (2)\PumpkinPie-master\PumpkinPie-master\Infix-to-Postfix\Debug\HashMap.obj
C:\Users\hsilin\Desktop\C++ Final Project\PumpkinPie-master (2)\PumpkinPie-master\PumpkinPie-master\Infix-to-Postfix\Debug\LinkedList.obj
C:\Users\hsilin\Desktop\C++ Final Project\PumpkinPie-master (2)\PumpkinPie-master\PumpkinPie-master\Infix-to-Postfix\Debug\Main.obj
C:\Users\hsilin\Desktop\C++ Final Project\PumpkinPie-master (2)\PumpkinPie-master\PumpkinPie-master\Infix-to-Postfix\Debug\Node.obj
C:\Users\hsilin\Desktop\C++ Final Project\PumpkinPie-master (2)\PumpkinPie-master\PumpkinPie-master\Infix-to-Postfix\Debug\Users.obj
C:\Users\hsilin\Desktop\C++ Final Project\PumpkinPie-master (2)\PumpkinPie-master\PumpkinPie-master\Infix-to-Postfix\Debug\cl.command.1.tlog
C:\Users\hsilin\Desktop\C++ Final Project\PumpkinPie-master (2)\PumpkinPie-master\PumpkinPie-master\Infix-to-Postfix\Debug\CL.read.1.tlog
C:\Users\hsilin\Desktop\C++ Final Project\PumpkinPie-master (2)\PumpkinPie-master\PumpkinPie-master\Infix-to-Postfix\Debug\CL.write.1.tlog
C:\Users\hsilin\Desktop\C++ Final Project\PumpkinPie-master (2)\PumpkinPie-master\PumpkinPie-master\Infix-to-Postfix\Debug\link-cvtres.read.1.tlog
C:\Users\hsilin\Desktop\C++ Final Project\PumpkinPie-master (2)\PumpkinPie-master\PumpkinPie-master\Infix-to-Postfix\Debug\link-cvtres.write.1.tlog
C:\Users\hsilin\Desktop\C++ Final Project\PumpkinPie-master (2)\PumpkinPie-master\PumpkinPie-master\Infix-to-Postfix\Debug\link-rc.read.1.tlog
C:\Users\hsilin\Desktop\C++ Final Project\PumpkinPie-master (2)\PumpkinPie-master\PumpkinPie-master\Infix-to-Postfix\Debug\link-rc.write.1.tlog
C:\Users\hsilin\Desktop\C++ Final Project\PumpkinPie-master (2)\PumpkinPie-master\PumpkinPie-master\Infix-to-Postfix\Debug\link.19912-cvtres.read.1.tlog
C:\Users\hsilin\Desktop\C++ Final Project\PumpkinPie-master (2)\PumpkinPie-master\PumpkinPie-master\Infix-to-Postfix\Debug\link.19912-cvtres.write.1.tlog
C:\Users\hsilin\Desktop\C++ Final Project\PumpkinPie-master (2)\PumpkinPie-master\PumpkinPie-master\Infix-to-Postfix\Debug\link.19912-rc.read.1.tlog
C:\Users\hsilin\Desktop\C++ Final Project\PumpkinPie-master (2)\PumpkinPie-master\PumpkinPie-master\Infix-to-Postfix\Debug\link.19912-rc.write.1.tlog
C:\Users\hsilin\Desktop\C++ Final Project\PumpkinPie-master (2)\PumpkinPie-master\PumpkinPie-master\Infix-to-Postfix\Debug\link.19912.read.1.tlog
C:\Users\hsilin\Desktop\C++ Final Project\PumpkinPie-master (2)\PumpkinPie-master\PumpkinPie-master\Infix-to-Postfix\Debug\link.19912.write.1.tlog
C:\Users\hsilin\Desktop\C++ Final Project\PumpkinPie-master (2)\PumpkinPie-master\PumpkinPie-master\Infix-to-Postfix\Debug\link.21524-cvtres.read.1.tlog
C:\Users\hsilin\Desktop\C++ Final Project\PumpkinPie-master (2)\PumpkinPie-master\PumpkinPie-master\Infix-to-Postfix\Debug\link.21524-cvtres.write.1.tlog
C:\Users\hsilin\Desktop\C++ Final Project\PumpkinPie-master (2)\PumpkinPie-master\PumpkinPie-master\Infix-to-Postfix\Debug\link.21524-rc.read.1.tlog
C:\Users\hsilin\Desktop\C++ Final Project\PumpkinPie-master (2)\PumpkinPie-master\PumpkinPie-master\Infix-to-Postfix\Debug\link.21524-rc.write.1.tlog
C:\Users\hsilin\Desktop\C++ Final Project\PumpkinPie-master (2)\PumpkinPie-master\PumpkinPie-master\Infix-to-Postfix\Debug\link.21524.read.1.tlog
C:\Users\hsilin\Desktop\C++ Final Project\PumpkinPie-master (2)\PumpkinPie-master\PumpkinPie-master\Infix-to-Postfix\Debug\link.21524.write.1.tlog
C:\Users\hsilin\Desktop\C++ Final Project\PumpkinPie-master (2)\PumpkinPie-master\PumpkinPie-master\Infix-to-Postfix\Debug\link.24040-cvtres.read.1.tlog
C:\Users\hsilin\Desktop\C++ Final Project\PumpkinPie-master (2)\PumpkinPie-master\PumpkinPie-master\Infix-to-Postfix\Debug\link.24040-cvtres.write.1.tlog
C:\Users\hsilin\Desktop\C++ Final Project\PumpkinPie-master (2)\PumpkinPie-master\PumpkinPie-master\Infix-to-Postfix\Debug\link.24040-rc.read.1.tlog
C:\Users\hsilin\Desktop\C++ Final Project\PumpkinPie-master (2)\PumpkinPie-master\PumpkinPie-master\Infix-to-Postfix\Debug\link.24040-rc.write.1.tlog
C:\Users\hsilin\Desktop\C++ Final Project\PumpkinPie-master (2)\PumpkinPie-master\PumpkinPie-master\Infix-to-Postfix\Debug\link.24040.read.1.tlog
C:\Users\hsilin\Desktop\C++ Final Project\PumpkinPie-master (2)\PumpkinPie-master\PumpkinPie-master\Infix-to-Postfix\Debug\link.24040.write.1.tlog
C:\Users\hsilin\Desktop\C++ Final Project\PumpkinPie-master (2)\PumpkinPie-master\PumpkinPie-master\Infix-to-Postfix\Debug\link.command.1.tlog
C:\Users\hsilin\Desktop\C++ Final Project\PumpkinPie-master (2)\PumpkinPie-master\PumpkinPie-master\Infix-to-Postfix\Debug\link.read.1.tlog
C:\Users\hsilin\Desktop\C++ Final Project\PumpkinPie-master (2)\PumpkinPie-master\PumpkinPie-master\Infix-to-Postfix\Debug\link.write.1.tlog
C:\Users\hsilin\Desktop\C++ Final Project\PumpkinPie-master (2)\PumpkinPie-master\PumpkinPie-master\Infix-to-Postfix\Debug\vc110.idb
C:\Users\hsilin\Desktop\C++ Final Project\PumpkinPie-master (2)\PumpkinPie-master\PumpkinPie-master\Infix-to-Postfix\Debug\vc110.pdb
C:\Users\hsilin\Desktop\C++ Final Project\PumpkinPie-master (2)\PumpkinPie-master\PumpkinPie-master\Debug\PumpkinPie.pdb
C:\Users\hsilin\Desktop\C++ Final Project\PumpkinPie-master (2)\PumpkinPie-master\PumpkinPie-master\Debug\PumpkinPie.exe
C:\Users\hsilin\Desktop\C++ Final Project\PumpkinPie-master (2)\PumpkinPie-master\PumpkinPie-master\Debug\PumpkinPie.ilk
